<?xml version="1.0" encoding="UTF-8"?>
<!-- Generated by org.testng.reporters.JUnitReportReporter -->
<testsuite hostname="LAPTOP-49NH7S8J" failures="0" tests="1" name="docker.ChromeTest2" time="3.213" errors="0" timestamp="2025-07-14T23:53:25 IST" skipped="0">
  <testcase classname="docker.ChromeTest2" name="test" time="3.213"/>
</testsuite> <!-- docker.ChromeTest2 -->
