<?xml version="1.0" encoding="UTF-8"?>
<!-- Generated by org.testng.reporters.JUnitReportReporter -->
<testsuite hostname="LAPTOP-49NH7S8J" failures="0" tests="1" name="docker.ChromeTest3" time="11.098" errors="0" timestamp="2025-07-15T23:13:25 IST" skipped="0">
  <testcase classname="docker.ChromeTest3" name="test" time="11.098"/>
</testsuite> <!-- docker.ChromeTest3 -->
