<?xml version="1.0" encoding="UTF-8"?>
<!-- Generated by org.testng.reporters.JUnitReportReporter -->
<testsuite hostname="LAPTOP-49NH7S8J" failures="0" tests="2" name="docker.Setup_DockerGrid" time="20.077" errors="0" timestamp="2025-07-14T23:50:04 IST" skipped="0">
  <testcase classname="docker.Setup_DockerGrid" name="startDockerGrid" time="15.031"/>
  <testcase classname="docker.Setup_DockerGrid" name="stopDockerGrid" time="5.046"/>
</testsuite> <!-- docker.Setup_DockerGrid -->
