<?xml version="1.0" encoding="UTF-8"?>
<!-- Generated by org.testng.reporters.JUnitReportReporter -->
<testsuite hostname="LAPTOP-49NH7S8J" failures="0" tests="1" name="docker.FirefoxTest4" time="9.965" errors="0" timestamp="2025-07-15T22:55:06 IST" skipped="0">
  <testcase classname="docker.FirefoxTest4" name="test" time="9.965"/>
</testsuite> <!-- docker.FirefoxTest4 -->
