<?xml version="1.0" encoding="UTF-8"?>
<!-- Generated by org.testng.reporters.JUnitReportReporter -->
<testsuite hostname="LAPTOP-49NH7S8J" failures="0" tests="1" name="docker.ChromeTest1" time="13.087" errors="0" timestamp="2025-07-15T23:33:54 IST" skipped="0">
  <testcase classname="docker.ChromeTest1" name="test" time="13.087"/>
</testsuite> <!-- docker.ChromeTest1 -->
